[debug] [2026-06-17T22:31:36.211Z] ----------------------------------------------------------------------
[debug] [2026-06-17T22:31:36.213Z] Command:       /opt/homebrew/Cellar/node/25.8.2/bin/node /opt/homebrew/bin/firebase deploy --only functions
[debug] [2026-06-17T22:31:36.213Z] CLI Version:   15.20.0
[debug] [2026-06-17T22:31:36.213Z] Platform:      darwin
[debug] [2026-06-17T22:31:36.213Z] Node Version:  v25.8.2
[debug] [2026-06-17T22:31:36.214Z] Time:          Wed Jun 17 2026 15:31:36 GMT-0700 (Pacific Daylight Time)
[debug] [2026-06-17T22:31:36.214Z] ----------------------------------------------------------------------
[debug] 
[debug] [2026-06-17T22:31:37.041Z] > command requires scopes: ["email","openid","https://www.googleapis.com/auth/cloudplatformprojects.readonly","https://www.googleapis.com/auth/firebase","https://www.googleapis.com/auth/cloud-platform"]
[debug] [2026-06-17T22:31:37.042Z] > authorizing via signed-in user (aidendrugge@gmail.com)
[debug] [2026-06-17T22:31:37.042Z] [iam] checking project boolsignal for permissions ["cloudfunctions.functions.create","cloudfunctions.functions.delete","cloudfunctions.functions.get","cloudfunctions.functions.list","cloudfunctions.functions.update","cloudfunctions.operations.get","firebase.projects.get"]
[debug] [2026-06-17T22:31:37.042Z] Checked if tokens are valid: false, expires at: 1781724229838
[debug] [2026-06-17T22:31:37.042Z] Checked if tokens are valid: false, expires at: 1781724229838
[debug] [2026-06-17T22:31:37.042Z] > refreshing access token with scopes: []
[debug] [2026-06-17T22:31:37.044Z] >>> [apiv2][query] POST https://www.googleapis.com/oauth2/v3/token [none]
[debug] [2026-06-17T22:31:37.044Z] >>> [apiv2][body] POST https://www.googleapis.com/oauth2/v3/token [omitted]
[debug] [2026-06-17T22:31:37.446Z] <<< [apiv2][status] POST https://www.googleapis.com/oauth2/v3/token 200
[debug] [2026-06-17T22:31:37.446Z] <<< [apiv2][body] POST https://www.googleapis.com/oauth2/v3/token [omitted]
[debug] [2026-06-17T22:31:37.471Z] >>> [apiv2][query] POST https://cloudresourcemanager.googleapis.com/v1/projects/boolsignal:testIamPermissions [none]
[debug] [2026-06-17T22:31:37.472Z] >>> [apiv2][(partial)header] POST https://cloudresourcemanager.googleapis.com/v1/projects/boolsignal:testIamPermissions  x-goog-user-project=boolsignal
[debug] [2026-06-17T22:31:37.472Z] >>> [apiv2][body] POST https://cloudresourcemanager.googleapis.com/v1/projects/boolsignal:testIamPermissions {"permissions":["cloudfunctions.functions.create","cloudfunctions.functions.delete","cloudfunctions.functions.get","cloudfunctions.functions.list","cloudfunctions.functions.update","cloudfunctions.operations.get","firebase.projects.get"]}
[debug] [2026-06-17T22:31:37.802Z] <<< [apiv2][status] POST https://cloudresourcemanager.googleapis.com/v1/projects/boolsignal:testIamPermissions 200
[debug] [2026-06-17T22:31:37.802Z] <<< [apiv2][body] POST https://cloudresourcemanager.googleapis.com/v1/projects/boolsignal:testIamPermissions {"permissions":["cloudfunctions.functions.create","cloudfunctions.functions.delete","cloudfunctions.functions.get","cloudfunctions.functions.list","cloudfunctions.functions.update","cloudfunctions.operations.get","firebase.projects.get"]}
[debug] [2026-06-17T22:31:37.802Z] Checked if tokens are valid: true, expires at: 1781739096446
[debug] [2026-06-17T22:31:37.803Z] Checked if tokens are valid: true, expires at: 1781739096446
[debug] [2026-06-17T22:31:37.803Z] >>> [apiv2][query] POST https://iam.googleapis.com/v1/projects/boolsignal/serviceAccounts/boolsignal@appspot.gserviceaccount.com:testIamPermissions [none]
[debug] [2026-06-17T22:31:37.803Z] >>> [apiv2][body] POST https://iam.googleapis.com/v1/projects/boolsignal/serviceAccounts/boolsignal@appspot.gserviceaccount.com:testIamPermissions {"permissions":["iam.serviceAccounts.actAs"]}
[debug] [2026-06-17T22:31:38.387Z] <<< [apiv2][status] POST https://iam.googleapis.com/v1/projects/boolsignal/serviceAccounts/boolsignal@appspot.gserviceaccount.com:testIamPermissions 200
[debug] [2026-06-17T22:31:38.387Z] <<< [apiv2][body] POST https://iam.googleapis.com/v1/projects/boolsignal/serviceAccounts/boolsignal@appspot.gserviceaccount.com:testIamPermissions {"permissions":["iam.serviceAccounts.actAs"]}
[info] 
[info] === Deploying to 'boolsignal'...
[info] 
[info] i  deploying functions 
[debug] [2026-06-17T22:31:38.393Z] Checked if tokens are valid: true, expires at: 1781739096446
[debug] [2026-06-17T22:31:38.394Z] Checked if tokens are valid: true, expires at: 1781739096446
[debug] [2026-06-17T22:31:38.394Z] >>> [apiv2][query] GET https://cloudresourcemanager.googleapis.com/v1/projects/boolsignal [none]
[debug] [2026-06-17T22:31:38.543Z] <<< [apiv2][status] GET https://cloudresourcemanager.googleapis.com/v1/projects/boolsignal 200
[debug] [2026-06-17T22:31:38.544Z] <<< [apiv2][body] GET https://cloudresourcemanager.googleapis.com/v1/projects/boolsignal {"projectNumber":"299708186562","projectId":"boolsignal","lifecycleState":"ACTIVE","name":"boolsignal","labels":{"firebase":"enabled","firebase-core":"disabled"},"createTime":"2026-04-29T04:57:57.641Z"}
[info] i  functions: preparing codebase default for deployment 
[info] i  functions: ensuring required API cloudfunctions.googleapis.com is enabled... 
[info] i  functions: ensuring required API cloudbuild.googleapis.com is enabled... 
[info] i  artifactregistry: ensuring required API artifactregistry.googleapis.com is enabled... 
[debug] [2026-06-17T22:31:38.547Z] Checked if tokens are valid: true, expires at: 1781739096446
[debug] [2026-06-17T22:31:38.547Z] Checked if tokens are valid: true, expires at: 1781739096446
[debug] [2026-06-17T22:31:38.547Z] >>> [apiv2][query] GET https://firebase.googleapis.com/v1beta1/projects/boolsignal/adminSdkConfig [none]
[debug] [2026-06-17T22:31:38.834Z] <<< [apiv2][status] GET https://firebase.googleapis.com/v1beta1/projects/boolsignal/adminSdkConfig 200
[debug] [2026-06-17T22:31:38.834Z] <<< [apiv2][body] GET https://firebase.googleapis.com/v1beta1/projects/boolsignal/adminSdkConfig {"projectId":"boolsignal","storageBucket":"boolsignal.firebasestorage.app"}
[debug] [2026-06-17T22:31:38.834Z] Checked if tokens are valid: true, expires at: 1781739096446
[debug] [2026-06-17T22:31:38.834Z] Checked if tokens are valid: true, expires at: 1781739096446
[debug] [2026-06-17T22:31:38.834Z] >>> [apiv2][query] GET https://runtimeconfig.googleapis.com/v1beta1/projects/boolsignal/configs [none]
[debug] [2026-06-17T22:31:39.262Z] <<< [apiv2][status] GET https://runtimeconfig.googleapis.com/v1beta1/projects/boolsignal/configs 200
[debug] [2026-06-17T22:31:39.262Z] <<< [apiv2][body] GET https://runtimeconfig.googleapis.com/v1beta1/projects/boolsignal/configs {}
[debug] [2026-06-17T22:31:39.264Z] Validating nodejs source
[warn] ⚠  functions: package.json indicates an outdated version of firebase-functions. Please upgrade using npm install --save firebase-functions@latest in your functions directory. 
[warn] ⚠  functions: Please note that there will be breaking changes when you upgrade. 
[debug] [2026-06-17T22:31:39.808Z] > [functions] package.json contents: {
  "name": "functions",
  "description": "Cloud Functions for Batsignal",
  "scripts": {
    "build": "tsc",
    "deploy": "firebase deploy --only functions"
  },
  "engines": {
    "node": "22"
  },
  "main": "lib/index.js",
  "dependencies": {
    "firebase-admin": "^12.0.0",
    "firebase-functions": "^5.0.0"
  },
  "devDependencies": {
    "typescript": "^5.0.0",
    "firebase-functions": "^5.0.0"
  },
  "private": true
}
[debug] [2026-06-17T22:31:39.808Z] Building nodejs source
[info] i  functions: Loading and analyzing source code for codebase default to determine what to deploy 
[debug] [2026-06-17T22:31:39.809Z] Could not find functions.yaml. Must use http discovery
[debug] [2026-06-17T22:31:39.815Z] Found firebase-functions binary at '/Users/aidendrugge/Documents/programs/batsignal/functions/node_modules/.bin/firebase-functions'
[info] Serving at port 8479

[debug] [2026-06-17T22:31:40.147Z] Got response from /__/functions.yaml {"endpoints":{"activateScheduledEvents":{"availableMemoryMb":null,"timeoutSeconds":null,"minInstances":null,"maxInstances":null,"ingressSettings":null,"concurrency":null,"serviceAccountEmail":null,"vpc":null,"platform":"gcfv2","labels":{},"scheduleTrigger":{"schedule":"every 1 minutes","retryConfig":{},"timeZone":"America/Los_Angeles"},"entryPoint":"activateScheduledEvents"}},"specVersion":"v1alpha1","requiredAPIs":[{"api":"cloudscheduler.googleapis.com","reason":"Needed for scheduled functions."}],"extensions":{}}
[debug] [2026-06-17T22:31:44.159Z] Checked if tokens are valid: true, expires at: 1781739096446
[debug] [2026-06-17T22:31:44.159Z] Checked if tokens are valid: true, expires at: 1781739096446
[debug] [2026-06-17T22:31:44.159Z] >>> [apiv2][query] GET https://cloudfunctions.googleapis.com/v1/projects/boolsignal/locations/-/functions [none]
[debug] [2026-06-17T22:31:45.085Z] <<< [apiv2][status] GET https://cloudfunctions.googleapis.com/v1/projects/boolsignal/locations/-/functions 200
[debug] [2026-06-17T22:31:45.085Z] <<< [apiv2][body] GET https://cloudfunctions.googleapis.com/v1/projects/boolsignal/locations/-/functions {}
[debug] [2026-06-17T22:31:45.086Z] Checked if tokens are valid: true, expires at: 1781739096446
[debug] [2026-06-17T22:31:45.086Z] Checked if tokens are valid: true, expires at: 1781739096446
[debug] [2026-06-17T22:31:45.087Z] >>> [apiv2][query] GET https://cloudfunctions.googleapis.com/v2/projects/boolsignal/locations/-/functions filter=environment%3D%22GEN_2%22
[debug] [2026-06-17T22:31:45.702Z] <<< [apiv2][status] GET https://cloudfunctions.googleapis.com/v2/projects/boolsignal/locations/-/functions 200
[debug] [2026-06-17T22:31:45.702Z] <<< [apiv2][body] GET https://cloudfunctions.googleapis.com/v2/projects/boolsignal/locations/-/functions {"functions":[{"name":"projects/boolsignal/locations/us-central1/functions/activateScheduledEvents","buildConfig":{"build":"projects/299708186562/locations/us-central1/builds/bd015bfb-cc79-413b-9821-386d72fcd431","runtime":"nodejs22","entryPoint":"activateScheduledEvents","source":{"storageSource":{"bucket":"gcf-v2-sources-299708186562-us-central1","object":"activateScheduledEvents/function-source.zip","generation":"1781157732050342"}},"environmentVariables":{"GOOGLE_NODE_RUN_SCRIPTS":""},"dockerRepository":"projects/boolsignal/locations/us-central1/repositories/gcf-artifacts","serviceAccount":"projects/boolsignal/serviceAccounts/299708186562-compute@developer.gserviceaccount.com","automaticUpdatePolicy":{}},"serviceConfig":{"service":"projects/boolsignal/locations/us-central1/services/activatescheduledevents","timeoutSeconds":60,"environmentVariables":{"FIREBASE_CONFIG":"{\"projectId\":\"boolsignal\",\"storageBucket\":\"boolsignal.firebasestorage.app\"}","GCLOUD_PROJECT":"boolsignal","EVENTARC_CLOUD_EVENT_SOURCE":"projects/boolsignal/locations/us-central1/services/activateScheduledEvents","FUNCTION_TARGET":"activateScheduledEvents","LOG_EXECUTION_ID":"true"},"ingressSettings":"ALLOW_ALL","serviceAccountEmail":"299708186562-compute@developer.gserviceaccount.com","availableMemory":"256Mi","allTrafficOnLatestRevision":true,"revision":"activatescheduledevents-00001-dat","maxInstanceRequestConcurrency":80,"availableCpu":"1"},"state":"ACTIVE","updateTime":"2026-06-11T06:03:15.856169796Z","labels":{"deployment-tool":"cli-firebase","deployment-scheduled":"true","firebase-functions-hash":"e3743d5424492022e3008191531274d084848af5"},"environment":"GEN_2","url":"https://us-central1-boolsignal.cloudfunctions.net/activateScheduledEvents","createTime":"2026-06-11T05:54:08.334468396Z","satisfiesPzi":true}]}
[info] i  extensions: ensuring required API firebaseextensions.googleapis.com is enabled... 
[debug] [2026-06-17T22:31:45.705Z] > command requires scopes: ["email","openid","https://www.googleapis.com/auth/cloudplatformprojects.readonly","https://www.googleapis.com/auth/firebase","https://www.googleapis.com/auth/cloud-platform"]
[debug] [2026-06-17T22:31:45.705Z] > authorizing via signed-in user (aidendrugge@gmail.com)
[debug] [2026-06-17T22:31:45.705Z] [iam] checking project boolsignal for permissions ["firebase.projects.get","firebaseextensions.instances.list"]
[debug] [2026-06-17T22:31:45.705Z] Checked if tokens are valid: true, expires at: 1781739096446
[debug] [2026-06-17T22:31:45.706Z] Checked if tokens are valid: true, expires at: 1781739096446
[debug] [2026-06-17T22:31:45.706Z] >>> [apiv2][query] POST https://cloudresourcemanager.googleapis.com/v1/projects/boolsignal:testIamPermissions [none]
[debug] [2026-06-17T22:31:45.706Z] >>> [apiv2][(partial)header] POST https://cloudresourcemanager.googleapis.com/v1/projects/boolsignal:testIamPermissions  x-goog-user-project=boolsignal
[debug] [2026-06-17T22:31:45.706Z] >>> [apiv2][body] POST https://cloudresourcemanager.googleapis.com/v1/projects/boolsignal:testIamPermissions {"permissions":["firebase.projects.get","firebaseextensions.instances.list"]}
[debug] [2026-06-17T22:31:46.000Z] <<< [apiv2][status] POST https://cloudresourcemanager.googleapis.com/v1/projects/boolsignal:testIamPermissions 200
[debug] [2026-06-17T22:31:46.000Z] <<< [apiv2][body] POST https://cloudresourcemanager.googleapis.com/v1/projects/boolsignal:testIamPermissions {"permissions":["firebase.projects.get","firebaseextensions.instances.list"]}
[debug] [2026-06-17T22:31:46.001Z] Checked if tokens are valid: true, expires at: 1781739096446
[debug] [2026-06-17T22:31:46.001Z] Checked if tokens are valid: true, expires at: 1781739096446
[debug] [2026-06-17T22:31:46.001Z] >>> [apiv2][query] GET https://firebaseextensions.googleapis.com/v1beta/projects/boolsignal/instances pageSize=100&pageToken=
[debug] [2026-06-17T22:31:46.553Z] <<< [apiv2][status] GET https://firebaseextensions.googleapis.com/v1beta/projects/boolsignal/instances 200
[debug] [2026-06-17T22:31:46.554Z] <<< [apiv2][body] GET https://firebaseextensions.googleapis.com/v1beta/projects/boolsignal/instances {}
[info] i  functions: preparing functions directory for uploading... 
[info] i  functions: packaged /Users/aidendrugge/Documents/programs/batsignal/functions (32.64 KB) for uploading 
[info] i  functions: ensuring required API cloudscheduler.googleapis.com is enabled... 
[info] i  functions: ensuring required API run.googleapis.com is enabled... 
[info] i  functions: ensuring required API eventarc.googleapis.com is enabled... 
[info] i  functions: ensuring required API pubsub.googleapis.com is enabled... 
[info] i  functions: ensuring required API storage.googleapis.com is enabled... 
[info] i  functions: generating the service identity for pubsub.googleapis.com... 
[debug] [2026-06-17T22:31:46.594Z] Checked if tokens are valid: true, expires at: 1781739096446
[debug] [2026-06-17T22:31:46.594Z] Checked if tokens are valid: true, expires at: 1781739096446
[info] i  functions: generating the service identity for eventarc.googleapis.com... 
[debug] [2026-06-17T22:31:46.595Z] Checked if tokens are valid: true, expires at: 1781739096446
[debug] [2026-06-17T22:31:46.595Z] Checked if tokens are valid: true, expires at: 1781739096446
[debug] [2026-06-17T22:31:46.595Z] >>> [apiv2][query] POST https://serviceusage.googleapis.com/v1beta1/projects/299708186562/services/pubsub.googleapis.com:generateServiceIdentity [none]
[debug] [2026-06-17T22:31:46.595Z] >>> [apiv2][(partial)header] POST https://serviceusage.googleapis.com/v1beta1/projects/299708186562/services/pubsub.googleapis.com:generateServiceIdentity  x-goog-user-project=299708186562
[debug] [2026-06-17T22:31:46.595Z] >>> [apiv2][body] POST https://serviceusage.googleapis.com/v1beta1/projects/299708186562/services/pubsub.googleapis.com:generateServiceIdentity {}
[debug] [2026-06-17T22:31:46.596Z] >>> [apiv2][query] POST https://serviceusage.googleapis.com/v1beta1/projects/299708186562/services/eventarc.googleapis.com:generateServiceIdentity [none]
[debug] [2026-06-17T22:31:46.596Z] >>> [apiv2][(partial)header] POST https://serviceusage.googleapis.com/v1beta1/projects/299708186562/services/eventarc.googleapis.com:generateServiceIdentity  x-goog-user-project=299708186562
[debug] [2026-06-17T22:31:46.596Z] >>> [apiv2][body] POST https://serviceusage.googleapis.com/v1beta1/projects/299708186562/services/eventarc.googleapis.com:generateServiceIdentity {}
[debug] [2026-06-17T22:31:47.369Z] <<< [apiv2][status] POST https://serviceusage.googleapis.com/v1beta1/projects/299708186562/services/pubsub.googleapis.com:generateServiceIdentity 200
[debug] [2026-06-17T22:31:47.370Z] <<< [apiv2][body] POST https://serviceusage.googleapis.com/v1beta1/projects/299708186562/services/pubsub.googleapis.com:generateServiceIdentity {"name":"operations/finished.DONE_OPERATION","done":true,"response":{"@type":"type.googleapis.com/google.api.serviceusage.v1beta1.ServiceIdentity","email":"service-299708186562@gcp-sa-pubsub.iam.gserviceaccount.com","uniqueId":"107692240115810342573"}}
[debug] [2026-06-17T22:31:47.370Z] <<< [apiv2][status] POST https://serviceusage.googleapis.com/v1beta1/projects/299708186562/services/eventarc.googleapis.com:generateServiceIdentity 200
[debug] [2026-06-17T22:31:47.370Z] <<< [apiv2][body] POST https://serviceusage.googleapis.com/v1beta1/projects/299708186562/services/eventarc.googleapis.com:generateServiceIdentity {"name":"operations/finished.DONE_OPERATION","done":true,"response":{"@type":"type.googleapis.com/google.api.serviceusage.v1beta1.ServiceIdentity","email":"service-299708186562@gcp-sa-eventarc.iam.gserviceaccount.com","uniqueId":"112478835966033715867"}}
[debug] [2026-06-17T22:31:47.374Z] Checked if tokens are valid: true, expires at: 1781739096446
[debug] [2026-06-17T22:31:47.374Z] Checked if tokens are valid: true, expires at: 1781739096446
[debug] [2026-06-17T22:31:47.374Z] >>> [apiv2][query] GET https://cloudresourcemanager.googleapis.com/v1/projects/boolsignal [none]
[debug] [2026-06-17T22:31:47.539Z] <<< [apiv2][status] GET https://cloudresourcemanager.googleapis.com/v1/projects/boolsignal 200
[debug] [2026-06-17T22:31:47.540Z] <<< [apiv2][body] GET https://cloudresourcemanager.googleapis.com/v1/projects/boolsignal {"projectNumber":"299708186562","projectId":"boolsignal","lifecycleState":"ACTIVE","name":"boolsignal","labels":{"firebase":"enabled","firebase-core":"disabled"},"createTime":"2026-04-29T04:57:57.641Z"}
[debug] [2026-06-17T22:31:47.541Z] Checked if tokens are valid: true, expires at: 1781739096446
[debug] [2026-06-17T22:31:47.541Z] Checked if tokens are valid: true, expires at: 1781739096446
[debug] [2026-06-17T22:31:47.541Z] >>> [apiv2][query] GET https://compute.googleapis.com/compute/v1/projects/299708186562 [none]
[debug] [2026-06-17T22:31:47.919Z] <<< [apiv2][status] GET https://compute.googleapis.com/compute/v1/projects/299708186562 403
[debug] [2026-06-17T22:31:47.919Z] <<< [apiv2][body] GET https://compute.googleapis.com/compute/v1/projects/299708186562 {"error":{"code":403,"message":"Compute Engine API has not been used in project 299708186562 before or it is disabled. Enable it by visiting https://console.developers.google.com/apis/api/compute.googleapis.com/overview?project=299708186562 then retry. If you enabled this API recently, wait a few minutes for the action to propagate to our systems and retry.","errors":[{"message":"Compute Engine API has not been used in project 299708186562 before or it is disabled. Enable it by visiting https://console.developers.google.com/apis/api/compute.googleapis.com/overview?project=299708186562 then retry. If you enabled this API recently, wait a few minutes for the action to propagate to our systems and retry.","domain":"usageLimits","reason":"accessNotConfigured","extendedHelp":"https://console.developers.google.com"}],"status":"PERMISSION_DENIED","details":[{"@type":"type.googleapis.com/google.rpc.ErrorInfo","reason":"SERVICE_DISABLED","domain":"googleapis.com","metadata":{"service":"compute.googleapis.com","activationUrl":"https://console.developers.google.com/apis/api/compute.googleapis.com/overview?project=299708186562","serviceTitle":"Compute Engine API","consumer":"projects/299708186562","containerInfo":"299708186562"}},{"@type":"type.googleapis.com/google.rpc.LocalizedMessage","locale":"en-US","message":"Compute Engine API has not been used in project 299708186562 before or it is disabled. Enable it by visiting https://console.developers.google.com/apis/api/compute.googleapis.com/overview?project=299708186562 then retry. If you enabled this API recently, wait a few minutes for the action to propagate to our systems and retry."},{"@type":"type.googleapis.com/google.rpc.Help","links":[{"description":"Google developers console API activation","url":"https://console.developers.google.com/apis/api/compute.googleapis.com/overview?project=299708186562"}]}]}}
[debug] [2026-06-17T22:31:47.920Z] unable to look up default compute service account. Falling back to 299708186562-compute@developer.gserviceaccount.com. Error: {"name":"FirebaseError","children":[],"context":{"body":{"error":{"code":403,"message":"Compute Engine API has not been used in project 299708186562 before or it is disabled. Enable it by visiting https://console.developers.google.com/apis/api/compute.googleapis.com/overview?project=299708186562 then retry. If you enabled this API recently, wait a few minutes for the action to propagate to our systems and retry.","errors":[{"message":"Compute Engine API has not been used in project 299708186562 before or it is disabled. Enable it by visiting https://console.developers.google.com/apis/api/compute.googleapis.com/overview?project=299708186562 then retry. If you enabled this API recently, wait a few minutes for the action to propagate to our systems and retry.","domain":"usageLimits","reason":"accessNotConfigured","extendedHelp":"https://console.developers.google.com"}],"status":"PERMISSION_DENIED","details":[{"@type":"type.googleapis.com/google.rpc.ErrorInfo","reason":"SERVICE_DISABLED","domain":"googleapis.com","metadata":{"service":"compute.googleapis.com","activationUrl":"https://console.developers.google.com/apis/api/compute.googleapis.com/overview?project=299708186562","serviceTitle":"Compute Engine API","consumer":"projects/299708186562","containerInfo":"299708186562"}},{"@type":"type.googleapis.com/google.rpc.LocalizedMessage","locale":"en-US","message":"Compute Engine API has not been used in project 299708186562 before or it is disabled. Enable it by visiting https://console.developers.google.com/apis/api/compute.googleapis.com/overview?project=299708186562 then retry. If you enabled this API recently, wait a few minutes for the action to propagate to our systems and retry."},{"@type":"type.googleapis.com/google.rpc.Help","links":[{"description":"Google developers console API activation","url":"https://console.developers.google.com/apis/api/compute.googleapis.com/overview?project=299708186562"}]}]}},"response":{"statusCode":403}},"exit":1,"message":"Request to https://compute.googleapis.com/compute/v1/projects/299708186562 had HTTP Error: 403, Compute Engine API has not been used in project 299708186562 before or it is disabled. Enable it by visiting https://console.developers.google.com/apis/api/compute.googleapis.com/overview?project=299708186562 then retry. If you enabled this API recently, wait a few minutes for the action to propagate to our systems and retry.","status":403}
[debug] [2026-06-17T22:31:47.922Z] Checked if tokens are valid: true, expires at: 1781739096446
[debug] [2026-06-17T22:31:47.922Z] Checked if tokens are valid: true, expires at: 1781739096446
[debug] [2026-06-17T22:31:47.922Z] >>> [apiv2][query] GET https://cloudbilling.googleapis.com/v1/projects/boolsignal/billingInfo [none]
[debug] [2026-06-17T22:31:48.149Z] <<< [apiv2][status] GET https://cloudbilling.googleapis.com/v1/projects/boolsignal/billingInfo 200
[debug] [2026-06-17T22:31:48.150Z] <<< [apiv2][body] GET https://cloudbilling.googleapis.com/v1/projects/boolsignal/billingInfo {"name":"projects/boolsignal/billingInfo","projectId":"boolsignal","billingAccountName":"billingAccounts/010915-92E344-7E3C08","billingEnabled":true}
[debug] [2026-06-17T22:31:48.154Z] Checked if tokens are valid: true, expires at: 1781739096446
[debug] [2026-06-17T22:31:48.155Z] Checked if tokens are valid: true, expires at: 1781739096446
[debug] [2026-06-17T22:31:48.155Z] >>> [apiv2][query] POST https://cloudfunctions.googleapis.com/v2/projects/boolsignal/locations/us-central1/functions:generateUploadUrl [none]
[debug] [2026-06-17T22:31:48.496Z] <<< [apiv2][status] POST https://cloudfunctions.googleapis.com/v2/projects/boolsignal/locations/us-central1/functions:generateUploadUrl 200
[debug] [2026-06-17T22:31:48.497Z] <<< [apiv2][body] POST https://cloudfunctions.googleapis.com/v2/projects/boolsignal/locations/us-central1/functions:generateUploadUrl {"uploadUrl":"https://storage.googleapis.com/gcf-v2-uploads-299708186562.us-central1.cloudfunctions.appspot.com/d39a225c-c54c-4249-877d-9d71ecc9af2f.zip?GoogleAccessId=service-299708186562@gcf-admin-robot.iam.gserviceaccount.com&Expires=1781737308&Signature=mqUV4fjWUoqsfe5eLH3UNuNCC8Lke2QrFGY7%2BQcXIYGPpeEIu%2BAH6USNpx%2BGUSV%2BrW9SVDekkf6kGdmWVaxIH1n8nf2R2%2BVOfZG8uXZ1gKq6V8JusQkwNoLV10qsx%2BsQuR0Pwf1LnchE3eGRND4poEYC28if9950t3Btns5LmATkJexlBv2X56CRykilU4K7eNPoJVdHwG2MMvPB5FnPE%2BND8lUXaPhvn6ygEXdgPNf23%2BYBoxdA8lE%2BIgD1gzzgsWOOsa%2FoAjoswFodPHHM%2BLw1t8yktbDQ%2Baq%2B1MWUl4aICXczkxqqsW8PmUgIESDr%2FyokhWzt9ZqffqM8xqC5jw%3D%3D","storageSource":{"bucket":"gcf-v2-uploads-299708186562.us-central1.cloudfunctions.appspot.com","object":"d39a225c-c54c-4249-877d-9d71ecc9af2f.zip"}}
[debug] [2026-06-17T22:31:48.499Z] >>> [apiv2][query] PUT https://storage.googleapis.com/gcf-v2-uploads-299708186562.us-central1.cloudfunctions.appspot.com/d39a225c-c54c-4249-877d-9d71ecc9af2f.zip GoogleAccessId=service-299708186562%40gcf-admin-robot.iam.gserviceaccount.com&Expires=1781737308&Signature=mqUV4fjWUoqsfe5eLH3UNuNCC8Lke2QrFGY7%2BQcXIYGPpeEIu%2BAH6USNpx%2BGUSV%2BrW9SVDekkf6kGdmWVaxIH1n8nf2R2%2BVOfZG8uXZ1gKq6V8JusQkwNoLV10qsx%2BsQuR0Pwf1LnchE3eGRND4poEYC28if9950t3Btns5LmATkJexlBv2X56CRykilU4K7eNPoJVdHwG2MMvPB5FnPE%2BND8lUXaPhvn6ygEXdgPNf23%2BYBoxdA8lE%2BIgD1gzzgsWOOsa%2FoAjoswFodPHHM%2BLw1t8yktbDQ%2Baq%2B1MWUl4aICXczkxqqsW8PmUgIESDr%2FyokhWzt9ZqffqM8xqC5jw%3D%3D
[debug] [2026-06-17T22:31:48.499Z] >>> [apiv2][body] PUT https://storage.googleapis.com/gcf-v2-uploads-299708186562.us-central1.cloudfunctions.appspot.com/d39a225c-c54c-4249-877d-9d71ecc9af2f.zip [stream]
[debug] [2026-06-17T22:31:48.930Z] <<< [apiv2][status] PUT https://storage.googleapis.com/gcf-v2-uploads-299708186562.us-central1.cloudfunctions.appspot.com/d39a225c-c54c-4249-877d-9d71ecc9af2f.zip 200
[debug] [2026-06-17T22:31:48.930Z] <<< [apiv2][body] PUT https://storage.googleapis.com/gcf-v2-uploads-299708186562.us-central1.cloudfunctions.appspot.com/d39a225c-c54c-4249-877d-9d71ecc9af2f.zip [omitted]
[info] ✔  functions: functions source uploaded successfully 
[info] i  functions: updating Node.js 22 (2nd Gen) function activateScheduledEvents(us-central1)... 
[debug] [2026-06-17T22:31:48.934Z] Checked if tokens are valid: true, expires at: 1781739096446
[debug] [2026-06-17T22:31:48.934Z] Checked if tokens are valid: true, expires at: 1781739096446
[debug] [2026-06-17T22:31:48.935Z] >>> [apiv2][query] PATCH https://cloudfunctions.googleapis.com/v2/projects/boolsignal/locations/us-central1/functions/activateScheduledEvents updateMask=name%2CbuildConfig.runtime%2CbuildConfig.entryPoint%2CbuildConfig.source.storageSource.bucket%2CbuildConfig.source.storageSource.object%2CbuildConfig.environmentVariables%2CbuildConfig.sourceToken%2CserviceConfig.environmentVariables%2CserviceConfig.ingressSettings%2CserviceConfig.timeoutSeconds%2CserviceConfig.serviceAccountEmail%2CserviceConfig.availableMemory%2CserviceConfig.minInstanceCount%2CserviceConfig.maxInstanceCount%2CserviceConfig.maxInstanceRequestConcurrency%2CserviceConfig.availableCpu%2CserviceConfig.vpcConnector%2CserviceConfig.vpcConnectorEgressSettings%2CserviceConfig.directVpcNetworkInterface%2CserviceConfig.directVpcEgress%2Clabels
[debug] [2026-06-17T22:31:48.935Z] >>> [apiv2][body] PATCH https://cloudfunctions.googleapis.com/v2/projects/boolsignal/locations/us-central1/functions/activateScheduledEvents {"name":"projects/boolsignal/locations/us-central1/functions/activateScheduledEvents","buildConfig":{"runtime":"nodejs22","entryPoint":"activateScheduledEvents","source":{"storageSource":{"bucket":"gcf-v2-uploads-299708186562.us-central1.cloudfunctions.appspot.com","object":"d39a225c-c54c-4249-877d-9d71ecc9af2f.zip"}},"environmentVariables":{"GOOGLE_NODE_RUN_SCRIPTS":""}},"serviceConfig":{"environmentVariables":{"FIREBASE_CONFIG":"{\"projectId\":\"boolsignal\",\"storageBucket\":\"boolsignal.firebasestorage.app\"}","GCLOUD_PROJECT":"boolsignal","EVENTARC_CLOUD_EVENT_SOURCE":"projects/boolsignal/locations/us-central1/services/activateScheduledEvents","FUNCTION_TARGET":"activateScheduledEvents","LOG_EXECUTION_ID":"true"},"ingressSettings":null,"timeoutSeconds":null,"serviceAccountEmail":null,"availableMemory":"256Mi","minInstanceCount":null,"maxInstanceCount":null,"maxInstanceRequestConcurrency":80,"availableCpu":"1","vpcConnector":null,"vpcConnectorEgressSettings":null,"directVpcNetworkInterface":null,"directVpcEgress":null},"labels":{"deployment-tool":"cli-firebase","deployment-scheduled":"true","firebase-functions-hash":"cc7756779076b27091b834d21fc349e164832347"}}
[debug] [2026-06-17T22:31:50.144Z] <<< [apiv2][status] PATCH https://cloudfunctions.googleapis.com/v2/projects/boolsignal/locations/us-central1/functions/activateScheduledEvents 200
[debug] [2026-06-17T22:31:50.144Z] <<< [apiv2][body] PATCH https://cloudfunctions.googleapis.com/v2/projects/boolsignal/locations/us-central1/functions/activateScheduledEvents {"name":"projects/boolsignal/locations/us-central1/operations/operation-1781735509153-6547aa01b562f-5821fccd-a8f97176","metadata":{"@type":"type.googleapis.com/google.cloud.functions.v2.OperationMetadata","createTime":"2026-06-17T22:31:50.083264970Z","target":"projects/boolsignal/locations/us-central1/functions/activateScheduledEvents","verb":"update","cancelRequested":false,"apiVersion":"v2"},"done":false}
[debug] [2026-06-17T22:31:50.146Z] Checked if tokens are valid: true, expires at: 1781739096446
[debug] [2026-06-17T22:31:50.146Z] Checked if tokens are valid: true, expires at: 1781739096446
[debug] [2026-06-17T22:31:50.146Z] >>> [apiv2][query] GET https://cloudfunctions.googleapis.com/v2/projects/boolsignal/locations/us-central1/operations/operation-1781735509153-6547aa01b562f-5821fccd-a8f97176 [none]
[debug] [2026-06-17T22:31:50.292Z] <<< [apiv2][status] GET https://cloudfunctions.googleapis.com/v2/projects/boolsignal/locations/us-central1/operations/operation-1781735509153-6547aa01b562f-5821fccd-a8f97176 200
[debug] [2026-06-17T22:31:50.292Z] <<< [apiv2][body] GET https://cloudfunctions.googleapis.com/v2/projects/boolsignal/locations/us-central1/operations/operation-1781735509153-6547aa01b562f-5821fccd-a8f97176 {"name":"projects/boolsignal/locations/us-central1/operations/operation-1781735509153-6547aa01b562f-5821fccd-a8f97176","metadata":{"@type":"type.googleapis.com/google.cloud.functions.v2.OperationMetadata","createTime":"2026-06-17T22:31:50.083264970Z","target":"projects/boolsignal/locations/us-central1/functions/activateScheduledEvents","verb":"update","cancelRequested":false,"apiVersion":"v2"},"done":false}
[debug] [2026-06-17T22:31:50.795Z] [update-default-us-central1-activateScheduledEvents] Retrying task index 0
[debug] [2026-06-17T22:31:50.795Z] Checked if tokens are valid: true, expires at: 1781739096446
[debug] [2026-06-17T22:31:50.795Z] Checked if tokens are valid: true, expires at: 1781739096446
[debug] [2026-06-17T22:31:50.795Z] >>> [apiv2][query] GET https://cloudfunctions.googleapis.com/v2/projects/boolsignal/locations/us-central1/operations/operation-1781735509153-6547aa01b562f-5821fccd-a8f97176 [none]
[debug] [2026-06-17T22:31:51.029Z] <<< [apiv2][status] GET https://cloudfunctions.googleapis.com/v2/projects/boolsignal/locations/us-central1/operations/operation-1781735509153-6547aa01b562f-5821fccd-a8f97176 200
[debug] [2026-06-17T22:31:51.029Z] <<< [apiv2][body] GET https://cloudfunctions.googleapis.com/v2/projects/boolsignal/locations/us-central1/operations/operation-1781735509153-6547aa01b562f-5821fccd-a8f97176 {"name":"projects/boolsignal/locations/us-central1/operations/operation-1781735509153-6547aa01b562f-5821fccd-a8f97176","metadata":{"@type":"type.googleapis.com/google.cloud.functions.v2.OperationMetadata","createTime":"2026-06-17T22:31:50.083264970Z","target":"projects/boolsignal/locations/us-central1/functions/activateScheduledEvents","verb":"update","cancelRequested":false,"apiVersion":"v2","requestResource":{"@type":"type.googleapis.com/google.cloud.functions.v2.Function","name":"projects/boolsignal/locations/us-central1/functions/activateScheduledEvents","buildConfig":{"runtime":"nodejs22","entryPoint":"activateScheduledEvents","source":{"storageSource":{"bucket":"gcf-v2-sources-299708186562-us-central1","object":"activateScheduledEvents/function-source.zip","generation":"1781735509888138"}},"environmentVariables":{"GOOGLE_NODE_RUN_SCRIPTS":""},"dockerRepository":"projects/boolsignal/locations/us-central1/repositories/gcf-artifacts","serviceAccount":"projects/boolsignal/serviceAccounts/299708186562-compute@developer.gserviceaccount.com","automaticUpdatePolicy":{}},"serviceConfig":{"service":"projects/boolsignal/locations/us-central1/services/activatescheduledevents","timeoutSeconds":60,"environmentVariables":{"FIREBASE_CONFIG":"{\"projectId\":\"boolsignal\",\"storageBucket\":\"boolsignal.firebasestorage.app\"}","GCLOUD_PROJECT":"boolsignal","EVENTARC_CLOUD_EVENT_SOURCE":"projects/boolsignal/locations/us-central1/services/activateScheduledEvents","FUNCTION_TARGET":"activateScheduledEvents","LOG_EXECUTION_ID":"true"},"ingressSettings":"ALLOW_ALL","serviceAccountEmail":"299708186562-compute@developer.gserviceaccount.com","availableMemory":"256Mi","allTrafficOnLatestRevision":true,"revision":"activatescheduledevents-00001-dat","maxInstanceRequestConcurrency":80,"availableCpu":"1"},"state":"ACTIVE","labels":{"deployment-tool":"cloudfunctions","deployment-scheduled":"true","firebase-functions-hash":"cc7756779076b27091b834d21fc349e164832347"},"environment":"GEN_2","url":"https://us-central1-boolsignal.cloudfunctions.net/activateScheduledEvents","satisfiesPzi":true},"stages":[{"name":"BUILD","message":"Creating build","state":"IN_PROGRESS","resource":"projects/299708186562/locations/us-central1/builds/35a914e2-a3b5-407d-a82b-f4a17e3f6e29","resourceUri":"https://console.cloud.google.com/cloud-build/builds;region=us-central1/35a914e2-a3b5-407d-a82b-f4a17e3f6e29?project=299708186562"},{"name":"SERVICE","state":"NOT_STARTED"}],"operationType":"UPDATE_FUNCTION","buildName":"projects/299708186562/locations/us-central1/builds/35a914e2-a3b5-407d-a82b-f4a17e3f6e29"},"done":false}
[debug] [2026-06-17T22:31:52.030Z] [update-default-us-central1-activateScheduledEvents] Retrying task index 0
[debug] [2026-06-17T22:31:52.031Z] Checked if tokens are valid: true, expires at: 1781739096446
[debug] [2026-06-17T22:31:52.031Z] Checked if tokens are valid: true, expires at: 1781739096446
[debug] [2026-06-17T22:31:52.031Z] >>> [apiv2][query] GET https://cloudfunctions.googleapis.com/v2/projects/boolsignal/locations/us-central1/operations/operation-1781735509153-6547aa01b562f-5821fccd-a8f97176 [none]
[debug] [2026-06-17T22:31:52.280Z] <<< [apiv2][status] GET https://cloudfunctions.googleapis.com/v2/projects/boolsignal/locations/us-central1/operations/operation-1781735509153-6547aa01b562f-5821fccd-a8f97176 200
[debug] [2026-06-17T22:31:52.280Z] <<< [apiv2][body] GET https://cloudfunctions.googleapis.com/v2/projects/boolsignal/locations/us-central1/operations/operation-1781735509153-6547aa01b562f-5821fccd-a8f97176 {"name":"projects/boolsignal/locations/us-central1/operations/operation-1781735509153-6547aa01b562f-5821fccd-a8f97176","metadata":{"@type":"type.googleapis.com/google.cloud.functions.v2.OperationMetadata","createTime":"2026-06-17T22:31:50.083264970Z","target":"projects/boolsignal/locations/us-central1/functions/activateScheduledEvents","verb":"update","cancelRequested":false,"apiVersion":"v2","requestResource":{"@type":"type.googleapis.com/google.cloud.functions.v2.Function","name":"projects/boolsignal/locations/us-central1/functions/activateScheduledEvents","buildConfig":{"runtime":"nodejs22","entryPoint":"activateScheduledEvents","source":{"storageSource":{"bucket":"gcf-v2-sources-299708186562-us-central1","object":"activateScheduledEvents/function-source.zip","generation":"1781735509888138"}},"environmentVariables":{"GOOGLE_NODE_RUN_SCRIPTS":""},"dockerRepository":"projects/boolsignal/locations/us-central1/repositories/gcf-artifacts","serviceAccount":"projects/boolsignal/serviceAccounts/299708186562-compute@developer.gserviceaccount.com","automaticUpdatePolicy":{}},"serviceConfig":{"service":"projects/boolsignal/locations/us-central1/services/activatescheduledevents","timeoutSeconds":60,"environmentVariables":{"FIREBASE_CONFIG":"{\"projectId\":\"boolsignal\",\"storageBucket\":\"boolsignal.firebasestorage.app\"}","GCLOUD_PROJECT":"boolsignal","EVENTARC_CLOUD_EVENT_SOURCE":"projects/boolsignal/locations/us-central1/services/activateScheduledEvents","FUNCTION_TARGET":"activateScheduledEvents","LOG_EXECUTION_ID":"true"},"ingressSettings":"ALLOW_ALL","serviceAccountEmail":"299708186562-compute@developer.gserviceaccount.com","availableMemory":"256Mi","allTrafficOnLatestRevision":true,"revision":"activatescheduledevents-00001-dat","maxInstanceRequestConcurrency":80,"availableCpu":"1"},"state":"ACTIVE","labels":{"deployment-tool":"cloudfunctions","deployment-scheduled":"true","firebase-functions-hash":"cc7756779076b27091b834d21fc349e164832347"},"environment":"GEN_2","url":"https://us-central1-boolsignal.cloudfunctions.net/activateScheduledEvents","satisfiesPzi":true},"stages":[{"name":"BUILD","message":"Build in progress","state":"IN_PROGRESS","resource":"projects/299708186562/locations/us-central1/builds/35a914e2-a3b5-407d-a82b-f4a17e3f6e29","resourceUri":"https://console.cloud.google.com/cloud-build/builds;region=us-central1/35a914e2-a3b5-407d-a82b-f4a17e3f6e29?project=299708186562"},{"name":"SERVICE","state":"NOT_STARTED"}],"operationType":"UPDATE_FUNCTION","buildName":"projects/299708186562/locations/us-central1/builds/35a914e2-a3b5-407d-a82b-f4a17e3f6e29"},"done":false}
[debug] [2026-06-17T22:31:54.282Z] [update-default-us-central1-activateScheduledEvents] Retrying task index 0
[debug] [2026-06-17T22:31:54.283Z] Checked if tokens are valid: true, expires at: 1781739096446
[debug] [2026-06-17T22:31:54.283Z] Checked if tokens are valid: true, expires at: 1781739096446
[debug] [2026-06-17T22:31:54.283Z] >>> [apiv2][query] GET https://cloudfunctions.googleapis.com/v2/projects/boolsignal/locations/us-central1/operations/operation-1781735509153-6547aa01b562f-5821fccd-a8f97176 [none]
[debug] [2026-06-17T22:31:54.515Z] <<< [apiv2][status] GET https://cloudfunctions.googleapis.com/v2/projects/boolsignal/locations/us-central1/operations/operation-1781735509153-6547aa01b562f-5821fccd-a8f97176 200
[debug] [2026-06-17T22:31:54.515Z] <<< [apiv2][body] GET https://cloudfunctions.googleapis.com/v2/projects/boolsignal/locations/us-central1/operations/operation-1781735509153-6547aa01b562f-5821fccd-a8f97176 {"name":"projects/boolsignal/locations/us-central1/operations/operation-1781735509153-6547aa01b562f-5821fccd-a8f97176","metadata":{"@type":"type.googleapis.com/google.cloud.functions.v2.OperationMetadata","createTime":"2026-06-17T22:31:50.083264970Z","target":"projects/boolsignal/locations/us-central1/functions/activateScheduledEvents","verb":"update","cancelRequested":false,"apiVersion":"v2","requestResource":{"@type":"type.googleapis.com/google.cloud.functions.v2.Function","name":"projects/boolsignal/locations/us-central1/functions/activateScheduledEvents","buildConfig":{"runtime":"nodejs22","entryPoint":"activateScheduledEvents","source":{"storageSource":{"bucket":"gcf-v2-sources-299708186562-us-central1","object":"activateScheduledEvents/function-source.zip","generation":"1781735509888138"}},"environmentVariables":{"GOOGLE_NODE_RUN_SCRIPTS":""},"dockerRepository":"projects/boolsignal/locations/us-central1/repositories/gcf-artifacts","serviceAccount":"projects/boolsignal/serviceAccounts/299708186562-compute@developer.gserviceaccount.com","automaticUpdatePolicy":{}},"serviceConfig":{"service":"projects/boolsignal/locations/us-central1/services/activatescheduledevents","timeoutSeconds":60,"environmentVariables":{"FIREBASE_CONFIG":"{\"projectId\":\"boolsignal\",\"storageBucket\":\"boolsignal.firebasestorage.app\"}","GCLOUD_PROJECT":"boolsignal","EVENTARC_CLOUD_EVENT_SOURCE":"projects/boolsignal/locations/us-central1/services/activateScheduledEvents","FUNCTION_TARGET":"activateScheduledEvents","LOG_EXECUTION_ID":"true"},"ingressSettings":"ALLOW_ALL","serviceAccountEmail":"299708186562-compute@developer.gserviceaccount.com","availableMemory":"256Mi","allTrafficOnLatestRevision":true,"revision":"activatescheduledevents-00001-dat","maxInstanceRequestConcurrency":80,"availableCpu":"1"},"state":"ACTIVE","labels":{"deployment-tool":"cloudfunctions","deployment-scheduled":"true","firebase-functions-hash":"cc7756779076b27091b834d21fc349e164832347"},"environment":"GEN_2","url":"https://us-central1-boolsignal.cloudfunctions.net/activateScheduledEvents","satisfiesPzi":true},"stages":[{"name":"BUILD","message":"Build in progress","state":"IN_PROGRESS","resource":"projects/299708186562/locations/us-central1/builds/35a914e2-a3b5-407d-a82b-f4a17e3f6e29","resourceUri":"https://console.cloud.google.com/cloud-build/builds;region=us-central1/35a914e2-a3b5-407d-a82b-f4a17e3f6e29?project=299708186562"},{"name":"SERVICE","state":"NOT_STARTED"}],"operationType":"UPDATE_FUNCTION","buildName":"projects/299708186562/locations/us-central1/builds/35a914e2-a3b5-407d-a82b-f4a17e3f6e29"},"done":false}
[debug] [2026-06-17T22:31:58.517Z] [update-default-us-central1-activateScheduledEvents] Retrying task index 0
[debug] [2026-06-17T22:31:58.518Z] Checked if tokens are valid: true, expires at: 1781739096446
[debug] [2026-06-17T22:31:58.518Z] Checked if tokens are valid: true, expires at: 1781739096446
[debug] [2026-06-17T22:31:58.518Z] >>> [apiv2][query] GET https://cloudfunctions.googleapis.com/v2/projects/boolsignal/locations/us-central1/operations/operation-1781735509153-6547aa01b562f-5821fccd-a8f97176 [none]
[debug] [2026-06-17T22:31:59.182Z] <<< [apiv2][status] GET https://cloudfunctions.googleapis.com/v2/projects/boolsignal/locations/us-central1/operations/operation-1781735509153-6547aa01b562f-5821fccd-a8f97176 200
[debug] [2026-06-17T22:31:59.183Z] <<< [apiv2][body] GET https://cloudfunctions.googleapis.com/v2/projects/boolsignal/locations/us-central1/operations/operation-1781735509153-6547aa01b562f-5821fccd-a8f97176 {"name":"projects/boolsignal/locations/us-central1/operations/operation-1781735509153-6547aa01b562f-5821fccd-a8f97176","metadata":{"@type":"type.googleapis.com/google.cloud.functions.v2.OperationMetadata","createTime":"2026-06-17T22:31:50.083264970Z","target":"projects/boolsignal/locations/us-central1/functions/activateScheduledEvents","verb":"update","cancelRequested":false,"apiVersion":"v2","requestResource":{"@type":"type.googleapis.com/google.cloud.functions.v2.Function","name":"projects/boolsignal/locations/us-central1/functions/activateScheduledEvents","buildConfig":{"runtime":"nodejs22","entryPoint":"activateScheduledEvents","source":{"storageSource":{"bucket":"gcf-v2-sources-299708186562-us-central1","object":"activateScheduledEvents/function-source.zip","generation":"1781735509888138"}},"environmentVariables":{"GOOGLE_NODE_RUN_SCRIPTS":""},"dockerRepository":"projects/boolsignal/locations/us-central1/repositories/gcf-artifacts","serviceAccount":"projects/boolsignal/serviceAccounts/299708186562-compute@developer.gserviceaccount.com","automaticUpdatePolicy":{}},"serviceConfig":{"service":"projects/boolsignal/locations/us-central1/services/activatescheduledevents","timeoutSeconds":60,"environmentVariables":{"FIREBASE_CONFIG":"{\"projectId\":\"boolsignal\",\"storageBucket\":\"boolsignal.firebasestorage.app\"}","GCLOUD_PROJECT":"boolsignal","EVENTARC_CLOUD_EVENT_SOURCE":"projects/boolsignal/locations/us-central1/services/activateScheduledEvents","FUNCTION_TARGET":"activateScheduledEvents","LOG_EXECUTION_ID":"true"},"ingressSettings":"ALLOW_ALL","serviceAccountEmail":"299708186562-compute@developer.gserviceaccount.com","availableMemory":"256Mi","allTrafficOnLatestRevision":true,"revision":"activatescheduledevents-00001-dat","maxInstanceRequestConcurrency":80,"availableCpu":"1"},"state":"ACTIVE","labels":{"deployment-tool":"cloudfunctions","deployment-scheduled":"true","firebase-functions-hash":"cc7756779076b27091b834d21fc349e164832347"},"environment":"GEN_2","url":"https://us-central1-boolsignal.cloudfunctions.net/activateScheduledEvents","satisfiesPzi":true},"stages":[{"name":"BUILD","message":"Build in progress","state":"IN_PROGRESS","resource":"projects/299708186562/locations/us-central1/builds/35a914e2-a3b5-407d-a82b-f4a17e3f6e29","resourceUri":"https://console.cloud.google.com/cloud-build/builds;region=us-central1/35a914e2-a3b5-407d-a82b-f4a17e3f6e29?project=299708186562"},{"name":"SERVICE","state":"NOT_STARTED"}],"operationType":"UPDATE_FUNCTION","buildName":"projects/299708186562/locations/us-central1/builds/35a914e2-a3b5-407d-a82b-f4a17e3f6e29"},"done":false}
[debug] [2026-06-17T22:32:07.184Z] [update-default-us-central1-activateScheduledEvents] Retrying task index 0
[debug] [2026-06-17T22:32:07.185Z] Checked if tokens are valid: true, expires at: 1781739096446
[debug] [2026-06-17T22:32:07.185Z] Checked if tokens are valid: true, expires at: 1781739096446
[debug] [2026-06-17T22:32:07.185Z] >>> [apiv2][query] GET https://cloudfunctions.googleapis.com/v2/projects/boolsignal/locations/us-central1/operations/operation-1781735509153-6547aa01b562f-5821fccd-a8f97176 [none]
[debug] [2026-06-17T22:32:07.632Z] <<< [apiv2][status] GET https://cloudfunctions.googleapis.com/v2/projects/boolsignal/locations/us-central1/operations/operation-1781735509153-6547aa01b562f-5821fccd-a8f97176 200
[debug] [2026-06-17T22:32:07.633Z] <<< [apiv2][body] GET https://cloudfunctions.googleapis.com/v2/projects/boolsignal/locations/us-central1/operations/operation-1781735509153-6547aa01b562f-5821fccd-a8f97176 {"name":"projects/boolsignal/locations/us-central1/operations/operation-1781735509153-6547aa01b562f-5821fccd-a8f97176","metadata":{"@type":"type.googleapis.com/google.cloud.functions.v2.OperationMetadata","createTime":"2026-06-17T22:31:50.083264970Z","target":"projects/boolsignal/locations/us-central1/functions/activateScheduledEvents","verb":"update","cancelRequested":false,"apiVersion":"v2","requestResource":{"@type":"type.googleapis.com/google.cloud.functions.v2.Function","name":"projects/boolsignal/locations/us-central1/functions/activateScheduledEvents","buildConfig":{"runtime":"nodejs22","entryPoint":"activateScheduledEvents","source":{"storageSource":{"bucket":"gcf-v2-sources-299708186562-us-central1","object":"activateScheduledEvents/function-source.zip","generation":"1781735509888138"}},"environmentVariables":{"GOOGLE_NODE_RUN_SCRIPTS":""},"dockerRepository":"projects/boolsignal/locations/us-central1/repositories/gcf-artifacts","serviceAccount":"projects/boolsignal/serviceAccounts/299708186562-compute@developer.gserviceaccount.com","automaticUpdatePolicy":{}},"serviceConfig":{"service":"projects/boolsignal/locations/us-central1/services/activatescheduledevents","timeoutSeconds":60,"environmentVariables":{"FIREBASE_CONFIG":"{\"projectId\":\"boolsignal\",\"storageBucket\":\"boolsignal.firebasestorage.app\"}","GCLOUD_PROJECT":"boolsignal","EVENTARC_CLOUD_EVENT_SOURCE":"projects/boolsignal/locations/us-central1/services/activateScheduledEvents","FUNCTION_TARGET":"activateScheduledEvents","LOG_EXECUTION_ID":"true"},"ingressSettings":"ALLOW_ALL","serviceAccountEmail":"299708186562-compute@developer.gserviceaccount.com","availableMemory":"256Mi","allTrafficOnLatestRevision":true,"revision":"activatescheduledevents-00001-dat","maxInstanceRequestConcurrency":80,"availableCpu":"1"},"state":"ACTIVE","labels":{"deployment-tool":"cloudfunctions","deployment-scheduled":"true","firebase-functions-hash":"cc7756779076b27091b834d21fc349e164832347"},"environment":"GEN_2","url":"https://us-central1-boolsignal.cloudfunctions.net/activateScheduledEvents","satisfiesPzi":true},"stages":[{"name":"BUILD","message":"Build in progress","state":"IN_PROGRESS","resource":"projects/299708186562/locations/us-central1/builds/35a914e2-a3b5-407d-a82b-f4a17e3f6e29","resourceUri":"https://console.cloud.google.com/cloud-build/builds;region=us-central1/35a914e2-a3b5-407d-a82b-f4a17e3f6e29?project=299708186562"},{"name":"SERVICE","state":"NOT_STARTED"}],"operationType":"UPDATE_FUNCTION","buildName":"projects/299708186562/locations/us-central1/builds/35a914e2-a3b5-407d-a82b-f4a17e3f6e29"},"done":false}
[debug] [2026-06-17T22:32:17.633Z] [update-default-us-central1-activateScheduledEvents] Retrying task index 0
[debug] [2026-06-17T22:32:17.634Z] Checked if tokens are valid: true, expires at: 1781739096446
[debug] [2026-06-17T22:32:17.634Z] Checked if tokens are valid: true, expires at: 1781739096446
[debug] [2026-06-17T22:32:17.634Z] >>> [apiv2][query] GET https://cloudfunctions.googleapis.com/v2/projects/boolsignal/locations/us-central1/operations/operation-1781735509153-6547aa01b562f-5821fccd-a8f97176 [none]
[debug] [2026-06-17T22:32:18.033Z] <<< [apiv2][status] GET https://cloudfunctions.googleapis.com/v2/projects/boolsignal/locations/us-central1/operations/operation-1781735509153-6547aa01b562f-5821fccd-a8f97176 200
[debug] [2026-06-17T22:32:18.034Z] <<< [apiv2][body] GET https://cloudfunctions.googleapis.com/v2/projects/boolsignal/locations/us-central1/operations/operation-1781735509153-6547aa01b562f-5821fccd-a8f97176 {"name":"projects/boolsignal/locations/us-central1/operations/operation-1781735509153-6547aa01b562f-5821fccd-a8f97176","metadata":{"@type":"type.googleapis.com/google.cloud.functions.v2.OperationMetadata","createTime":"2026-06-17T22:31:50.083264970Z","target":"projects/boolsignal/locations/us-central1/functions/activateScheduledEvents","verb":"update","cancelRequested":false,"apiVersion":"v2","requestResource":{"@type":"type.googleapis.com/google.cloud.functions.v2.Function","name":"projects/boolsignal/locations/us-central1/functions/activateScheduledEvents","buildConfig":{"runtime":"nodejs22","entryPoint":"activateScheduledEvents","source":{"storageSource":{"bucket":"gcf-v2-sources-299708186562-us-central1","object":"activateScheduledEvents/function-source.zip","generation":"1781735509888138"}},"environmentVariables":{"GOOGLE_NODE_RUN_SCRIPTS":""},"dockerRepository":"projects/boolsignal/locations/us-central1/repositories/gcf-artifacts","serviceAccount":"projects/boolsignal/serviceAccounts/299708186562-compute@developer.gserviceaccount.com","automaticUpdatePolicy":{}},"serviceConfig":{"service":"projects/boolsignal/locations/us-central1/services/activatescheduledevents","timeoutSeconds":60,"environmentVariables":{"FIREBASE_CONFIG":"{\"projectId\":\"boolsignal\",\"storageBucket\":\"boolsignal.firebasestorage.app\"}","GCLOUD_PROJECT":"boolsignal","EVENTARC_CLOUD_EVENT_SOURCE":"projects/boolsignal/locations/us-central1/services/activateScheduledEvents","FUNCTION_TARGET":"activateScheduledEvents","LOG_EXECUTION_ID":"true"},"ingressSettings":"ALLOW_ALL","serviceAccountEmail":"299708186562-compute@developer.gserviceaccount.com","availableMemory":"256Mi","allTrafficOnLatestRevision":true,"revision":"activatescheduledevents-00001-dat","maxInstanceRequestConcurrency":80,"availableCpu":"1"},"state":"ACTIVE","labels":{"deployment-tool":"cloudfunctions","deployment-scheduled":"true","firebase-functions-hash":"cc7756779076b27091b834d21fc349e164832347"},"environment":"GEN_2","url":"https://us-central1-boolsignal.cloudfunctions.net/activateScheduledEvents","satisfiesPzi":true},"stages":[{"name":"BUILD","message":"Build in progress","state":"IN_PROGRESS","resource":"projects/299708186562/locations/us-central1/builds/35a914e2-a3b5-407d-a82b-f4a17e3f6e29","resourceUri":"https://console.cloud.google.com/cloud-build/builds;region=us-central1/35a914e2-a3b5-407d-a82b-f4a17e3f6e29?project=299708186562"},{"name":"SERVICE","state":"NOT_STARTED"}],"operationType":"UPDATE_FUNCTION","buildName":"projects/299708186562/locations/us-central1/builds/35a914e2-a3b5-407d-a82b-f4a17e3f6e29"},"done":false}
[debug] [2026-06-17T22:32:28.036Z] [update-default-us-central1-activateScheduledEvents] Retrying task index 0
[debug] [2026-06-17T22:32:28.037Z] Checked if tokens are valid: true, expires at: 1781739096446
[debug] [2026-06-17T22:32:28.037Z] Checked if tokens are valid: true, expires at: 1781739096446
[debug] [2026-06-17T22:32:28.037Z] >>> [apiv2][query] GET https://cloudfunctions.googleapis.com/v2/projects/boolsignal/locations/us-central1/operations/operation-1781735509153-6547aa01b562f-5821fccd-a8f97176 [none]
[debug] [2026-06-17T22:32:28.520Z] <<< [apiv2][status] GET https://cloudfunctions.googleapis.com/v2/projects/boolsignal/locations/us-central1/operations/operation-1781735509153-6547aa01b562f-5821fccd-a8f97176 200
[debug] [2026-06-17T22:32:28.521Z] <<< [apiv2][body] GET https://cloudfunctions.googleapis.com/v2/projects/boolsignal/locations/us-central1/operations/operation-1781735509153-6547aa01b562f-5821fccd-a8f97176 {"name":"projects/boolsignal/locations/us-central1/operations/operation-1781735509153-6547aa01b562f-5821fccd-a8f97176","metadata":{"@type":"type.googleapis.com/google.cloud.functions.v2.OperationMetadata","createTime":"2026-06-17T22:31:50.083264970Z","target":"projects/boolsignal/locations/us-central1/functions/activateScheduledEvents","verb":"update","cancelRequested":false,"apiVersion":"v2","requestResource":{"@type":"type.googleapis.com/google.cloud.functions.v2.Function","name":"projects/boolsignal/locations/us-central1/functions/activateScheduledEvents","buildConfig":{"runtime":"nodejs22","entryPoint":"activateScheduledEvents","source":{"storageSource":{"bucket":"gcf-v2-sources-299708186562-us-central1","object":"activateScheduledEvents/function-source.zip","generation":"1781735509888138"}},"environmentVariables":{"GOOGLE_NODE_RUN_SCRIPTS":""},"dockerRepository":"projects/boolsignal/locations/us-central1/repositories/gcf-artifacts","serviceAccount":"projects/boolsignal/serviceAccounts/299708186562-compute@developer.gserviceaccount.com","automaticUpdatePolicy":{}},"serviceConfig":{"service":"projects/boolsignal/locations/us-central1/services/activatescheduledevents","timeoutSeconds":60,"environmentVariables":{"FIREBASE_CONFIG":"{\"projectId\":\"boolsignal\",\"storageBucket\":\"boolsignal.firebasestorage.app\"}","GCLOUD_PROJECT":"boolsignal","EVENTARC_CLOUD_EVENT_SOURCE":"projects/boolsignal/locations/us-central1/services/activateScheduledEvents","FUNCTION_TARGET":"activateScheduledEvents","LOG_EXECUTION_ID":"true"},"ingressSettings":"ALLOW_ALL","serviceAccountEmail":"299708186562-compute@developer.gserviceaccount.com","availableMemory":"256Mi","allTrafficOnLatestRevision":true,"revision":"activatescheduledevents-00001-dat","maxInstanceRequestConcurrency":80,"availableCpu":"1"},"state":"ACTIVE","labels":{"deployment-tool":"cloudfunctions","deployment-scheduled":"true","firebase-functions-hash":"cc7756779076b27091b834d21fc349e164832347"},"environment":"GEN_2","url":"https://us-central1-boolsignal.cloudfunctions.net/activateScheduledEvents","satisfiesPzi":true},"stages":[{"name":"BUILD","message":"Build in progress","state":"IN_PROGRESS","resource":"projects/299708186562/locations/us-central1/builds/35a914e2-a3b5-407d-a82b-f4a17e3f6e29","resourceUri":"https://console.cloud.google.com/cloud-build/builds;region=us-central1/35a914e2-a3b5-407d-a82b-f4a17e3f6e29?project=299708186562"},{"name":"SERVICE","state":"NOT_STARTED"}],"operationType":"UPDATE_FUNCTION","buildName":"projects/299708186562/locations/us-central1/builds/35a914e2-a3b5-407d-a82b-f4a17e3f6e29"},"done":false}
[debug] [2026-06-17T22:32:38.523Z] [update-default-us-central1-activateScheduledEvents] Retrying task index 0
[debug] [2026-06-17T22:32:38.523Z] Checked if tokens are valid: true, expires at: 1781739096446
[debug] [2026-06-17T22:32:38.524Z] Checked if tokens are valid: true, expires at: 1781739096446
[debug] [2026-06-17T22:32:38.524Z] >>> [apiv2][query] GET https://cloudfunctions.googleapis.com/v2/projects/boolsignal/locations/us-central1/operations/operation-1781735509153-6547aa01b562f-5821fccd-a8f97176 [none]
[debug] [2026-06-17T22:32:40.492Z] <<< [apiv2][status] GET https://cloudfunctions.googleapis.com/v2/projects/boolsignal/locations/us-central1/operations/operation-1781735509153-6547aa01b562f-5821fccd-a8f97176 200
[debug] [2026-06-17T22:32:40.493Z] <<< [apiv2][body] GET https://cloudfunctions.googleapis.com/v2/projects/boolsignal/locations/us-central1/operations/operation-1781735509153-6547aa01b562f-5821fccd-a8f97176 {"name":"projects/boolsignal/locations/us-central1/operations/operation-1781735509153-6547aa01b562f-5821fccd-a8f97176","metadata":{"@type":"type.googleapis.com/google.cloud.functions.v2.OperationMetadata","createTime":"2026-06-17T22:31:50.083264970Z","target":"projects/boolsignal/locations/us-central1/functions/activateScheduledEvents","verb":"update","cancelRequested":false,"apiVersion":"v2","requestResource":{"@type":"type.googleapis.com/google.cloud.functions.v2.Function","name":"projects/boolsignal/locations/us-central1/functions/activateScheduledEvents","buildConfig":{"runtime":"nodejs22","entryPoint":"activateScheduledEvents","source":{"storageSource":{"bucket":"gcf-v2-sources-299708186562-us-central1","object":"activateScheduledEvents/function-source.zip","generation":"1781735509888138"}},"environmentVariables":{"GOOGLE_NODE_RUN_SCRIPTS":""},"dockerRepository":"projects/boolsignal/locations/us-central1/repositories/gcf-artifacts","serviceAccount":"projects/boolsignal/serviceAccounts/299708186562-compute@developer.gserviceaccount.com","automaticUpdatePolicy":{}},"serviceConfig":{"service":"projects/boolsignal/locations/us-central1/services/activatescheduledevents","timeoutSeconds":60,"environmentVariables":{"FIREBASE_CONFIG":"{\"projectId\":\"boolsignal\",\"storageBucket\":\"boolsignal.firebasestorage.app\"}","GCLOUD_PROJECT":"boolsignal","EVENTARC_CLOUD_EVENT_SOURCE":"projects/boolsignal/locations/us-central1/services/activateScheduledEvents","FUNCTION_TARGET":"activateScheduledEvents","LOG_EXECUTION_ID":"true"},"ingressSettings":"ALLOW_ALL","serviceAccountEmail":"299708186562-compute@developer.gserviceaccount.com","availableMemory":"256Mi","allTrafficOnLatestRevision":true,"revision":"activatescheduledevents-00001-dat","maxInstanceRequestConcurrency":80,"availableCpu":"1"},"state":"ACTIVE","labels":{"deployment-tool":"cloudfunctions","deployment-scheduled":"true","firebase-functions-hash":"cc7756779076b27091b834d21fc349e164832347"},"environment":"GEN_2","url":"https://us-central1-boolsignal.cloudfunctions.net/activateScheduledEvents","satisfiesPzi":true},"stages":[{"name":"BUILD","message":"Build finished","state":"COMPLETE","resource":"projects/299708186562/locations/us-central1/builds/35a914e2-a3b5-407d-a82b-f4a17e3f6e29","resourceUri":"https://console.cloud.google.com/cloud-build/builds;region=us-central1/35a914e2-a3b5-407d-a82b-f4a17e3f6e29?project=299708186562"},{"name":"SERVICE","message":"Updating Cloud Run service","state":"IN_PROGRESS","resource":"projects/boolsignal/locations/us-central1/services/activatescheduledevents","resourceUri":"https://console.cloud.google.com/run/detail/us-central1/activatescheduledevents?project=boolsignal","stateMessages":[{"severity":"INFO","type":"CloudRunServiceNewRevisionTrafficInfo","message":"A new revision will be deployed serving with 100% traffic."}]}],"sourceToken":"Cldwcm9qZWN0cy8yOTk3MDgxODY1NjIvbG9jYXRpb25zL3VzLWNlbnRyYWwxL2J1aWxkcy8zNWE5MTRlMi1hM2I1LTQwN2QtYTgyYi1mNGExN2UzZjZlMjkScXVzLWNlbnRyYWwxLWRvY2tlci5wa2cuZGV2L2Jvb2xzaWduYWwvZ2NmLWFydGlmYWN0cy9ib29sc2lnbmFsX191cy0tY2VudHJhbDFfX2FjdGl2YXRlX3NjaGVkdWxlZF9ldmVudHM6dmVyc2lvbl8xGML//7/cCCJLcHJvamVjdHMvYm9vbHNpZ25hbC9sb2NhdGlvbnMvdXMtY2VudHJhbDEvZnVuY3Rpb25zL2FjdGl2YXRlU2NoZWR1bGVkRXZlbnRzKgwIhMHM0QYQwJCLtgEyCG5vZGVqczIyOnYKI2djci5pby9nYWUtcnVudGltZXMvbm9kZWpzMjI6c3RhYmxlEk91cy1jZW50cmFsMS1kb2NrZXIucGtnLmRldi9zZXJ2ZXJsZXNzLXJ1bnRpbWVzL2dvb2dsZS0yMi1mdWxsL3J1bnRpbWVzL25vZGVqczIyQAE=","operationType":"UPDATE_FUNCTION","buildName":"projects/299708186562/locations/us-central1/builds/35a914e2-a3b5-407d-a82b-f4a17e3f6e29"},"done":false}
[debug] [2026-06-17T22:32:40.493Z] Got source token Cldwcm9qZWN0cy8yOTk3MDgxODY1NjIvbG9jYXRpb25zL3VzLWNlbnRyYWwxL2J1aWxkcy8zNWE5MTRlMi1hM2I1LTQwN2QtYTgyYi1mNGExN2UzZjZlMjkScXVzLWNlbnRyYWwxLWRvY2tlci5wa2cuZGV2L2Jvb2xzaWduYWwvZ2NmLWFydGlmYWN0cy9ib29sc2lnbmFsX191cy0tY2VudHJhbDFfX2FjdGl2YXRlX3NjaGVkdWxlZF9ldmVudHM6dmVyc2lvbl8xGML//7/cCCJLcHJvamVjdHMvYm9vbHNpZ25hbC9sb2NhdGlvbnMvdXMtY2VudHJhbDEvZnVuY3Rpb25zL2FjdGl2YXRlU2NoZWR1bGVkRXZlbnRzKgwIhMHM0QYQwJCLtgEyCG5vZGVqczIyOnYKI2djci5pby9nYWUtcnVudGltZXMvbm9kZWpzMjI6c3RhYmxlEk91cy1jZW50cmFsMS1kb2NrZXIucGtnLmRldi9zZXJ2ZXJsZXNzLXJ1bnRpbWVzL2dvb2dsZS0yMi1mdWxsL3J1bnRpbWVzL25vZGVqczIyQAE= for region us-central1
[debug] [2026-06-17T22:32:50.493Z] [update-default-us-central1-activateScheduledEvents] Retrying task index 0
[debug] [2026-06-17T22:32:50.494Z] Checked if tokens are valid: true, expires at: 1781739096446
[debug] [2026-06-17T22:32:50.494Z] Checked if tokens are valid: true, expires at: 1781739096446
[debug] [2026-06-17T22:32:50.494Z] >>> [apiv2][query] GET https://cloudfunctions.googleapis.com/v2/projects/boolsignal/locations/us-central1/operations/operation-1781735509153-6547aa01b562f-5821fccd-a8f97176 [none]
[debug] [2026-06-17T22:32:50.881Z] <<< [apiv2][status] GET https://cloudfunctions.googleapis.com/v2/projects/boolsignal/locations/us-central1/operations/operation-1781735509153-6547aa01b562f-5821fccd-a8f97176 200
[debug] [2026-06-17T22:32:50.881Z] <<< [apiv2][body] GET https://cloudfunctions.googleapis.com/v2/projects/boolsignal/locations/us-central1/operations/operation-1781735509153-6547aa01b562f-5821fccd-a8f97176 {"name":"projects/boolsignal/locations/us-central1/operations/operation-1781735509153-6547aa01b562f-5821fccd-a8f97176","metadata":{"@type":"type.googleapis.com/google.cloud.functions.v2.OperationMetadata","createTime":"2026-06-17T22:31:50.083264970Z","endTime":"2026-06-17T22:32:43.925448085Z","target":"projects/boolsignal/locations/us-central1/functions/activateScheduledEvents","verb":"update","cancelRequested":false,"apiVersion":"v2","requestResource":{"@type":"type.googleapis.com/google.cloud.functions.v2.Function","name":"projects/boolsignal/locations/us-central1/functions/activateScheduledEvents","buildConfig":{"runtime":"nodejs22","entryPoint":"activateScheduledEvents","source":{"storageSource":{"bucket":"gcf-v2-sources-299708186562-us-central1","object":"activateScheduledEvents/function-source.zip","generation":"1781735509888138"}},"environmentVariables":{"GOOGLE_NODE_RUN_SCRIPTS":""},"dockerRepository":"projects/boolsignal/locations/us-central1/repositories/gcf-artifacts","serviceAccount":"projects/boolsignal/serviceAccounts/299708186562-compute@developer.gserviceaccount.com","automaticUpdatePolicy":{}},"serviceConfig":{"service":"projects/boolsignal/locations/us-central1/services/activatescheduledevents","timeoutSeconds":60,"environmentVariables":{"FIREBASE_CONFIG":"{\"projectId\":\"boolsignal\",\"storageBucket\":\"boolsignal.firebasestorage.app\"}","GCLOUD_PROJECT":"boolsignal","EVENTARC_CLOUD_EVENT_SOURCE":"projects/boolsignal/locations/us-central1/services/activateScheduledEvents","FUNCTION_TARGET":"activateScheduledEvents","LOG_EXECUTION_ID":"true"},"ingressSettings":"ALLOW_ALL","serviceAccountEmail":"299708186562-compute@developer.gserviceaccount.com","availableMemory":"256Mi","allTrafficOnLatestRevision":true,"revision":"activatescheduledevents-00001-dat","maxInstanceRequestConcurrency":80,"availableCpu":"1"},"state":"ACTIVE","labels":{"deployment-tool":"cloudfunctions","deployment-scheduled":"true","firebase-functions-hash":"cc7756779076b27091b834d21fc349e164832347"},"environment":"GEN_2","url":"https://us-central1-boolsignal.cloudfunctions.net/activateScheduledEvents","satisfiesPzi":true},"stages":[{"name":"SERVICE","state":"NOT_STARTED"}],"operationType":"UPDATE_FUNCTION"},"done":true,"error":{"code":3,"message":"Could not create or update Cloud Run service activatescheduledevents, Container Healthcheck failed. Revision 'activatescheduledevents-00002-map' is not ready and cannot serve traffic. The user-provided container failed to start and listen on the port defined provided by the PORT=8080 environment variable within the allocated timeout. This can happen when the container port is misconfigured or if the timeout is too short. The health check timeout can be extended. Logs for this revision might contain more information.\n\nLogs URL: https://console.cloud.google.com/logs/viewer?project=boolsignal&resource=cloud_run_revision/service_name/activatescheduledevents/revision_name/activatescheduledevents-00002-map&advancedFilter=resource.type%3D%22cloud_run_revision%22%0Aresource.labels.service_name%3D%22activatescheduledevents%22%0Aresource.labels.revision_name%3D%22activatescheduledevents-00002-map%22 \nFor more troubleshooting guidance, see https://cloud.google.com/run/docs/troubleshooting#container-failed-to-start"}}
[debug] [2026-06-17T22:32:50.881Z] Got source token undefined for region us-central1
[error] Could not create or update Cloud Run service activatescheduledevents, Container Healthcheck failed. Revision 'activatescheduledevents-00002-map' is not ready and cannot serve traffic. The user-provided container failed to start and listen on the port defined provided by the PORT=8080 environment variable within the allocated timeout. This can happen when the container port is misconfigured or if the timeout is too short. The health check timeout can be extended. Logs for this revision might contain more information.

Logs URL: https://console.cloud.google.com/logs/viewer?project=boolsignal&resource=cloud_run_revision/service_name/activatescheduledevents/revision_name/activatescheduledevents-00002-map&advancedFilter=resource.type%3D%22cloud_run_revision%22%0Aresource.labels.service_name%3D%22activatescheduledevents%22%0Aresource.labels.revision_name%3D%22activatescheduledevents-00002-map%22 
For more troubleshooting guidance, see https://cloud.google.com/run/docs/troubleshooting#container-failed-to-start
[warn] ⚠  functions: Deploys failed. Skipping deletes. 
[debug] [2026-06-17T22:32:50.884Z] Total Function Deployment time: 61951
[debug] [2026-06-17T22:32:50.884Z] 1 Functions Deployed
[debug] [2026-06-17T22:32:50.884Z] 1 Functions Errored
[debug] [2026-06-17T22:32:50.884Z] 0 Function Deployments Aborted
[debug] [2026-06-17T22:32:50.884Z] Average Function Deployment time: 61950
[info] 
[info] Functions deploy had errors with the following functions:
	activateScheduledEvents(us-central1)
[debug] [2026-06-17T22:32:50.885Z] Checked if tokens are valid: true, expires at: 1781739096446
[debug] [2026-06-17T22:32:50.886Z] Checked if tokens are valid: true, expires at: 1781739096446
[debug] [2026-06-17T22:32:50.886Z] >>> [apiv2][query] GET https://artifactregistry.googleapis.com/v1/projects/boolsignal/locations/us-central1/repositories/gcf-artifacts [none]
[debug] [2026-06-17T22:32:51.343Z] <<< [apiv2][status] GET https://artifactregistry.googleapis.com/v1/projects/boolsignal/locations/us-central1/repositories/gcf-artifacts 200
[debug] [2026-06-17T22:32:51.343Z] <<< [apiv2][body] GET https://artifactregistry.googleapis.com/v1/projects/boolsignal/locations/us-central1/repositories/gcf-artifacts {"name":"projects/boolsignal/locations/us-central1/repositories/gcf-artifacts","format":"DOCKER","description":"This repository is created and used by Cloud Functions for storing function docker images.","labels":{"goog-managed-by":"cloudfunctions"},"createTime":"2026-06-11T05:54:17.199611Z","updateTime":"2026-06-17T22:32:27.444637Z","mode":"STANDARD_REPOSITORY","cleanupPolicies":{"firebase-functions-cleanup":{"id":"firebase-functions-cleanup","action":"DELETE","condition":{"tagState":"ANY","olderThan":"604800s"}}},"sizeBytes":"109418000","vulnerabilityScanningConfig":{"lastEnableTime":"2026-06-11T05:54:08.557849987Z","enablementState":"SCANNING_DISABLED","enablementStateReason":"API containerscanning.googleapis.com is not enabled."},"satisfiesPzi":true,"registryUri":"us-central1-docker.pkg.dev/boolsignal/gcf-artifacts"}
[debug] [2026-06-17T22:32:51.343Z] Functions deploy failed.
[debug] [2026-06-17T22:32:51.344Z] {
  "endpoint": {
    "id": "activateScheduledEvents",
    "project": "boolsignal",
    "region": "us-central1",
    "entryPoint": "activateScheduledEvents",
    "platform": "gcfv2",
    "runtime": "nodejs22",
    "scheduleTrigger": {
      "schedule": "every 1 minutes",
      "timeZone": "America/Los_Angeles",
      "retryConfig": {}
    },
    "labels": {
      "deployment-tool": "cli-firebase"
    },
    "serviceAccount": null,
    "ingressSettings": null,
    "availableMemoryMb": null,
    "timeoutSeconds": null,
    "maxInstances": null,
    "minInstances": null,
    "concurrency": 80,
    "vpc": null,
    "environmentVariables": {
      "FIREBASE_CONFIG": "{\"projectId\":\"boolsignal\",\"storageBucket\":\"boolsignal.firebasestorage.app\"}",
      "GCLOUD_PROJECT": "boolsignal",
      "EVENTARC_CLOUD_EVENT_SOURCE": "projects/boolsignal/locations/us-central1/services/activateScheduledEvents",
      "FUNCTION_TARGET": "activateScheduledEvents",
      "LOG_EXECUTION_ID": "true"
    },
    "codebase": "default",
    "runServiceId": "activatescheduledevents",
    "cpu": 1,
    "securityLevel": "SECURE_ALWAYS",
    "targetedByOnly": false,
    "hash": "cc7756779076b27091b834d21fc349e164832347"
  },
  "op": "update",
  "original": {
    "name": "FirebaseError",
    "children": [],
    "exit": 1,
    "message": "Could not create or update Cloud Run service activatescheduledevents, Container Healthcheck failed. Revision 'activatescheduledevents-00002-map' is not ready and cannot serve traffic. The user-provided container failed to start and listen on the port defined provided by the PORT=8080 environment variable within the allocated timeout. This can happen when the container port is misconfigured or if the timeout is too short. The health check timeout can be extended. Logs for this revision might contain more information.\n\nLogs URL: https://console.cloud.google.com/logs/viewer?project=boolsignal&resource=cloud_run_revision/service_name/activatescheduledevents/revision_name/activatescheduledevents-00002-map&advancedFilter=resource.type%3D%22cloud_run_revision%22%0Aresource.labels.service_name%3D%22activatescheduledevents%22%0Aresource.labels.revision_name%3D%22activatescheduledevents-00002-map%22 \nFor more troubleshooting guidance, see https://cloud.google.com/run/docs/troubleshooting#container-failed-to-start",
    "original": {
      "code": 3,
      "message": "Could not create or update Cloud Run service activatescheduledevents, Container Healthcheck failed. Revision 'activatescheduledevents-00002-map' is not ready and cannot serve traffic. The user-provided container failed to start and listen on the port defined provided by the PORT=8080 environment variable within the allocated timeout. This can happen when the container port is misconfigured or if the timeout is too short. The health check timeout can be extended. Logs for this revision might contain more information.\n\nLogs URL: https://console.cloud.google.com/logs/viewer?project=boolsignal&resource=cloud_run_revision/service_name/activatescheduledevents/revision_name/activatescheduledevents-00002-map&advancedFilter=resource.type%3D%22cloud_run_revision%22%0Aresource.labels.service_name%3D%22activatescheduledevents%22%0Aresource.labels.revision_name%3D%22activatescheduledevents-00002-map%22 \nFor more troubleshooting guidance, see https://cloud.google.com/run/docs/troubleshooting#container-failed-to-start"
    },
    "status": 3,
    "code": 3
  }
}
[debug] [2026-06-17T22:32:51.346Z] Error: Failed to update function activateScheduledEvents in region us-central1
    at /opt/homebrew/lib/node_modules/firebase-tools/lib/deploy/functions/release/fabricator.js:454:19
    at process.processTicksAndRejections (node:internal/process/task_queues:104:5)
    at async Fabricator.updateV2Function (/opt/homebrew/lib/node_modules/firebase-tools/lib/deploy/functions/release/fabricator.js:438:32)
    at async Fabricator.updateEndpoint (/opt/homebrew/lib/node_modules/firebase-tools/lib/deploy/functions/release/fabricator.js:174:13)
    at async Fabricator.wrapOperation (/opt/homebrew/lib/node_modules/firebase-tools/lib/deploy/functions/release/fabricator.js:138:13)
    at async Promise.all (index 0)
    at async Promise.allSettled (index 0)
    at async Fabricator.applyPlan (/opt/homebrew/lib/node_modules/firebase-tools/lib/deploy/functions/release/fabricator.js:77:45)
    at async release (/opt/homebrew/lib/node_modules/firebase-tools/lib/deploy/functions/release/index.js:87:21)
    at async chain (/opt/homebrew/lib/node_modules/firebase-tools/lib/deploy/index.js:45:9)
[error] 
[error] Error: There was an error deploying functions
